<?xml version="1.0" encoding="UTF-8"?>
<Site BuildName="(empty)"
	BuildStamp="20240627-1007-Experimental"
	Name="dagawd-HP-Pavilion-Laptop-15-eg2xxx"
	Generator="ctest-3.22.1"
	CompilerName="/usr/bin/c++"
	CompilerVersion="11.4.0"
	OSName="Linux"
	Hostname="dagawd-HP-Pavilion-Laptop-15-eg2xxx"
	OSRelease="6.5.0-41-generic"
	OSVersion="#41~22.04.2-Ubuntu SMP PREEMPT_DYNAMIC Mon Jun  3 11:32:55 UTC 2"
	OSPlatform="x86_64"
	Is64Bits="1"
	VendorString="GenuineIntel"
	VendorID="Intel Corporation"
	FamilyID="6"
	ModelID="154"
	ProcessorCacheSize="18432"
	NumberOfLogicalCPU="16"
	NumberOfPhysicalCPU="12"
	TotalVirtualMemory="2047"
	TotalPhysicalMemory="15652"
	LogicalProcessorsPerPhysical="1"
	ProcessorClockFrequency="3400.01"
	>
	<Testing>
		<StartDateTime>Jun 27 15:37 +0530</StartDateTime>
		<StartTestTime>1719482840</StartTestTime>
		<TestList/>
		<EndDateTime>Jun 27 15:37 +0530</EndDateTime>
		<EndTestTime>1719482840</EndTestTime>
		<ElapsedMinutes>0</ElapsedMinutes>
	</Testing>
</Site>
