<?xml version="1.0" encoding="UTF-8"?>
<Site BuildName="(empty)"
	BuildStamp="20240628-1531-Experimental"
	Name="dagawd-HP-Pavilion-Laptop-15-eg2xxx"
	Generator="ctest-3.22.1"
	CompilerName="/usr/bin/c++"
	CompilerVersion="11.4.0"
	OSName="Linux"
	Hostname="dagawd-HP-Pavilion-Laptop-15-eg2xxx"
	OSRelease="6.5.0-41-generic"
	OSVersion="#41~22.04.2-Ubuntu SMP PREEMPT_DYNAMIC Mon Jun  3 11:32:55 UTC 2"
	OSPlatform="x86_64"
	Is64Bits="1"
	VendorString="GenuineIntel"
	VendorID="Intel Corporation"
	FamilyID="6"
	ModelID="154"
	ProcessorCacheSize="18432"
	NumberOfLogicalCPU="16"
	NumberOfPhysicalCPU="12"
	TotalVirtualMemory="2047"
	TotalPhysicalMemory="15652"
	LogicalProcessorsPerPhysical="1"
	ProcessorClockFrequency="2305.13"
	>
	<Testing>
		<StartDateTime>Jun 28 21:01 +0530</StartDateTime>
		<StartTestTime>1719588708</StartTestTime>
		<TestList/>
		<EndDateTime>Jun 28 21:01 +0530</EndDateTime>
		<EndTestTime>1719588708</EndTestTime>
		<ElapsedMinutes>0</ElapsedMinutes>
	</Testing>
</Site>
